[18:15:52] [ServerMain/INFO]: [bootstrap] Running Java 21 (OpenJDK 64-Bit Server VM 21.0.11+10-LTS; Eclipse Adoptium Temurin-21.0.11+10) on Linux 6.19.11-ogc1.1.fc44.x86_64 (amd64)
[18:15:52] [ServerMain/INFO]: [bootstrap] Loading Paper 1.21.11-132-ver/1.21.11@c5eb079 (2026-05-11T11:43:09Z) for Minecraft 1.21.11
[18:15:53] [ServerMain/INFO]: [PluginInitializerManager] Initializing plugins...
[18:15:53] [Paper Plugin Remapper Thread - 2/INFO]: [PluginRemapper] Remapping plugin '/var/home/vastly/IdeaProjects/ObscureRTPQ/build/libs/ObscureRTPQ-1.0-SNAPSHOT.jar'...
[18:15:53] [Paper Plugin Remapper Thread - 2/INFO]: [PluginRemapper] Done remapping plugin '/var/home/vastly/IdeaProjects/ObscureRTPQ/build/libs/ObscureRTPQ-1.0-SNAPSHOT.jar' in 514ms.
[18:15:53] [ServerMain/INFO]: [PluginInitializerManager] Initialized 1 plugin
[18:15:53] [ServerMain/INFO]: [PluginInitializerManager] Bukkit plugins (1):
 - ObscureRTPQ (1.21.11)
[18:16:02] [ServerMain/INFO]: Environment: Environment[sessionHost=https://sessionserver.mojang.com, servicesHost=https://api.minecraftservices.com, profilesHost=https://api.mojang.com, name=PROD]
[18:16:06] [ServerMain/INFO]: Loaded 1470 recipes
[18:16:06] [ServerMain/INFO]: Loaded 1584 advancements
[18:16:06] [ServerMain/INFO]: [ca.spottedleaf.dataconverter.minecraft.datatypes.MCTypeRegistry] Initialising converters for DataConverter...
[18:16:07] [ServerMain/INFO]: [ca.spottedleaf.dataconverter.minecraft.datatypes.MCTypeRegistry] Finished initialising converters for DataConverter in 990.7ms
[18:16:07] [Server thread/INFO]: Starting minecraft server version 1.21.11
[18:16:07] [Server thread/INFO]: Loading properties
[18:16:07] [Server thread/INFO]: This server is running Paper version 1.21.11-132-ver/1.21.11@c5eb079 (2026-05-11T11:43:09Z) (Implementing API version 1.21.11-R0.1-SNAPSHOT)
[18:16:07] [Server thread/INFO]: [spark] This server bundles the spark profiler. For more information please visit https://docs.papermc.io/paper/profiling
[18:16:07] [Server thread/INFO]: Server Ping Player Sample Count: 12
[18:16:07] [Server thread/INFO]: Using 4 threads for Netty based IO
[18:16:09] [Server thread/INFO]: [MoonriseCommon] Paper is using 2 worker threads, 1 I/O threads
[18:16:09] [Server thread/INFO]: Default game type: SURVIVAL
[18:16:09] [Server thread/INFO]: Generating keypair
[18:16:09] [Server thread/INFO]: Starting Minecraft server on *:25565
[18:16:09] [Server thread/INFO]: Paper: Using libdeflate (Linux x86_64) compression from Velocity.
[18:16:09] [Server thread/INFO]: Paper: Using OpenSSL 3.x.x (Linux x86_64) cipher from Velocity.
[18:16:09] [Server thread/INFO]: [ObscureRTPQ] Loading server plugin ObscureRTPQ v1.21.11
[18:16:09] [Server thread/INFO]: Server permissions file permissions.yml is empty, ignoring it
[18:16:09] [Server thread/INFO]: Preparing level "world"
[18:16:10] [Server thread/INFO]: [ca.spottedleaf.moonrise.common.util.MoonriseConstants] NUMA enable flag is not set; however there is NUMA interaction support for this OS.
[18:16:10] [Server thread/INFO]: [ca.spottedleaf.moonrise.common.util.MoonriseConstants] Detected 1 NUMA nodes.
[18:16:10] [Server thread/INFO]: Loading 0 persistent chunks for world 'minecraft:overworld'...
[18:16:10] [Server thread/INFO]: Preparing spawn area: 100%
[18:16:10] [Server thread/INFO]: Prepared spawn area in 7 ms
[18:16:10] [Server thread/INFO]: Loading 0 persistent chunks for world 'minecraft:the_nether'...
[18:16:10] [Server thread/INFO]: Prepared spawn area in 0 ms
[18:16:10] [Server thread/INFO]: Loading 0 persistent chunks for world 'minecraft:the_end'...
[18:16:10] [Server thread/INFO]: Prepared spawn area in 0 ms
[18:16:10] [Server thread/INFO]: Done preparing level "world" (0.847s)
[18:16:10] [Server thread/INFO]: [ObscureRTPQ] Enabling ObscureRTPQ v1.21.11
[18:16:10] [Server thread/WARN]: [ObscureRTPQ] ObscureTeleport not found! Using standalone fallback generator.
[18:16:10] [Server thread/INFO]: [ObscureRTPQ] ObscureRTPQ extension fully initialized.
[18:16:11] [Server thread/INFO]: [spark] Starting background profiler...
[18:16:11] [Server thread/INFO]: Running delayed init tasks
[18:16:11] [Server thread/INFO]: Done (19.842s)! For help, type "help"
[18:16:11] [Paper Async Task Handler Thread - 1/WARN]: *************************************************************************************
[18:16:11] [Paper Async Task Handler Thread - 1/WARN]: You are running the latest build for your Minecraft version (1.21.11)
[18:16:11] [Paper Async Task Handler Thread - 1/WARN]: However, you are 2 release(s) behind the latest stable release (26.1.2)!
[18:16:11] [Paper Async Task Handler Thread - 1/WARN]: It is recommended that you update as soon as possible
[18:16:11] [Paper Async Task Handler Thread - 1/WARN]: https://papermc.io/downloads/paper
[18:16:11] [Paper Async Task Handler Thread - 1/WARN]: *************************************************************************************
[21:05:49] [User Authenticator #0/INFO]: UUID of player FemboyVastly is 6d1d3b13-f09c-4989-bf65-8500bf7a7f2e
[21:05:53] [Server thread/INFO]: FemboyVastly joined the game
[21:05:53] [Server thread/INFO]: FemboyVastly[/127.0.0.1:56342] logged in with entity id 82 at ([world]45.869120293943695, 67.0, 7.9571041234063316)
[21:06:10] [Server thread/INFO]: FemboyVastly issued server command: /rtpq debug
[21:06:14] [Server thread/INFO]: FemboyVastly issued server command: /rtpq
[21:06:43] [Server thread/INFO]: FemboyVastly lost connection: Disconnected
[21:06:43] [Server thread/INFO]: FemboyVastly left the game
[21:06:51] [Server thread/INFO]: Stopping server
[21:06:51] [Server thread/INFO]: [ObscureRTPQ] Disabling ObscureRTPQ v1.21.11
[21:06:51] [Server thread/INFO]: [ObscureRTPQ] ObscureRTPQ has been shut down cleanly.
[21:06:51] [Server thread/INFO]: Saving players
[21:06:51] [Server thread/INFO]: Saving worlds
[21:06:51] [Server thread/INFO]: Saving chunks for level 'ServerLevel[world]'/minecraft:overworld
[21:06:51] [Server thread/INFO]: [ChunkHolderManager] Waiting 60s for chunk system to halt for world 'world'
[21:06:51] [Server thread/INFO]: [ChunkHolderManager] Halted chunk system for world 'world'
[21:06:51] [Server thread/INFO]: [ChunkHolderManager] Saving all chunkholders for world 'world'
[21:06:53] [Server thread/INFO]: [ChunkHolderManager] Saved 1326 block chunks, 158 entity chunks, 0 poi chunks in world 'world' in 1.44s
[21:06:53] [Server thread/INFO]: [ChunkHolderManager] Waiting 60s for chunk I/O to halt for world 'world'
[21:06:53] [Server thread/INFO]: [ChunkHolderManager] Halted I/O scheduler for world 'world'
[21:06:53] [Server thread/INFO]: Saving chunks for level 'ServerLevel[world_nether]'/minecraft:the_nether
[21:06:53] [Server thread/INFO]: [ChunkHolderManager] Waiting 60s for chunk system to halt for world 'world_nether'
[21:06:53] [Server thread/INFO]: [ChunkHolderManager] Halted chunk system for world 'world_nether'
[21:06:53] [Server thread/INFO]: [ChunkHolderManager] Saving all chunkholders for world 'world_nether'
[21:06:53] [Server thread/INFO]: [ChunkHolderManager] Saved 0 block chunks, 0 entity chunks, 0 poi chunks in world 'world_nether' in 0.00s
[21:06:53] [Server thread/INFO]: [ChunkHolderManager] Waiting 60s for chunk I/O to halt for world 'world_nether'
[21:06:53] [Server thread/INFO]: [ChunkHolderManager] Halted I/O scheduler for world 'world_nether'
[21:06:53] [Server thread/INFO]: Saving chunks for level 'ServerLevel[world_the_end]'/minecraft:the_end
[21:06:53] [Server thread/INFO]: [ChunkHolderManager] Waiting 60s for chunk system to halt for world 'world_the_end'
[21:06:53] [Server thread/INFO]: [ChunkHolderManager] Halted chunk system for world 'world_the_end'
[21:06:53] [Server thread/INFO]: [ChunkHolderManager] Saving all chunkholders for world 'world_the_end'
[21:06:53] [Server thread/INFO]: [ChunkHolderManager] Saved 0 block chunks, 0 entity chunks, 0 poi chunks in world 'world_the_end' in 0.00s
[21:06:53] [Server thread/INFO]: [ChunkHolderManager] Waiting 60s for chunk I/O to halt for world 'world_the_end'
[21:06:53] [Server thread/INFO]: [ChunkHolderManager] Halted I/O scheduler for world 'world_the_end'
[21:06:53] [Server thread/INFO]: ThreadedAnvilChunkStorage (world): All chunks are saved
[21:06:53] [Server thread/INFO]: ThreadedAnvilChunkStorage (DIM-1): All chunks are saved
[21:06:53] [Server thread/INFO]: ThreadedAnvilChunkStorage (DIM1): All chunks are saved
[21:06:53] [Server thread/INFO]: ThreadedAnvilChunkStorage: All dimensions are saved
[21:06:53] [Server thread/INFO]: Waiting for all RegionFile I/O tasks to complete...
[21:06:53] [Server thread/INFO]: All RegionFile I/O tasks to complete
[21:06:53] [Server thread/INFO]: [MoonriseCommon] Awaiting termination of worker pool for up to 60s...
[21:06:53] [Server thread/INFO]: [MoonriseCommon] Awaiting termination of I/O pool for up to 60s...
